2013-06-25 06:18:10 [20252] [INFO] Starting gunicorn 0.17.4
2013-06-25 06:18:10 [20252] [INFO] Listening at: http://0.0.0.0:9000 (20252)
2013-06-25 06:18:10 [20252] [INFO] Using worker: sync
2013-06-25 06:18:10 [20261] [INFO] Booting worker with pid: 20261
2013-06-25 06:18:10 [20262] [INFO] Booting worker with pid: 20262
2013-06-25 06:18:10 [20263] [INFO] Booting worker with pid: 20263
2013-06-25 06:18:12 [20252] [INFO] Handling signal: int
Performing upgrade before service startup...
Syncing...
Creating tables ...
Installing custom SQL ...
Installing indexes ...
Installed 0 object(s) from 0 fixture(s)
Migrating...
Running migrations for djcelery:
- Nothing to migrate.
 - Loading initial data for djcelery.
Installed 0 object(s) from 0 fixture(s)
Running migrations for django:
- Nothing to migrate.
 - Loading initial data for django.
Installed 0 object(s) from 0 fixture(s)
Running migrations for sentry:
- Nothing to migrate.
 - Loading initial data for sentry.
Installed 0 object(s) from 0 fixture(s)
Running migrations for social_auth:
- Nothing to migrate.
 - Loading initial data for social_auth.
Installed 0 object(s) from 0 fixture(s)

Synced:
 > django.contrib.auth
 > django.contrib.admin
 > django.contrib.contenttypes
 > django.contrib.messages
 > django.contrib.sessions
 > django.contrib.sites
 > django.contrib.staticfiles
 > crispy_forms
 > raven.contrib.django.raven_compat
 > sentry.plugins.sentry_interface_types
 > sentry.plugins.sentry_mail
 > sentry.plugins.sentry_servers
 > sentry.plugins.sentry_urls
 > sentry.plugins.sentry_useragents
 > south

Migrated:
 - djcelery
 - kombu.transport.django
 - sentry
 - social_auth
Running service: 'http'
Performing upgrade before service startup...
Syncing...
Creating tables ...
Installing custom SQL ...
Installing indexes ...
Installed 0 object(s) from 0 fixture(s)
Migrating...
Running migrations for djcelery:
- Nothing to migrate.
 - Loading initial data for djcelery.
Installed 0 object(s) from 0 fixture(s)
Running migrations for django:
- Nothing to migrate.
 - Loading initial data for django.
Installed 0 object(s) from 0 fixture(s)
Running migrations for sentry:
- Nothing to migrate.
 - Loading initial data for sentry.
Installed 0 object(s) from 0 fixture(s)
Running migrations for social_auth:
- Nothing to migrate.
 - Loading initial data for social_auth.
Installed 0 object(s) from 0 fixture(s)

Synced:
 > django.contrib.auth
 > django.contrib.admin
 > django.contrib.contenttypes
 > django.contrib.messages
 > django.contrib.sessions
 > django.contrib.sites
 > django.contrib.staticfiles
 > crispy_forms
 > raven.contrib.django.raven_compat
 > sentry.plugins.sentry_interface_types
 > sentry.plugins.sentry_mail
 > sentry.plugins.sentry_servers
 > sentry.plugins.sentry_urls
 > sentry.plugins.sentry_useragents
 > south

Migrated:
 - djcelery
 - kombu.transport.django
 - sentry
 - social_auth
Running service: 'http'
Performing upgrade before service startup...
Syncing...
Creating tables ...
Installing custom SQL ...
Installing indexes ...
Installed 0 object(s) from 0 fixture(s)
Migrating...
Running migrations for djcelery:
- Nothing to migrate.
 - Loading initial data for djcelery.
Installed 0 object(s) from 0 fixture(s)
Running migrations for django:
- Nothing to migrate.
 - Loading initial data for django.
Installed 0 object(s) from 0 fixture(s)
Running migrations for sentry:
- Nothing to migrate.
 - Loading initial data for sentry.
Installed 0 object(s) from 0 fixture(s)
Running migrations for social_auth:
- Nothing to migrate.
 - Loading initial data for social_auth.
Installed 0 object(s) from 0 fixture(s)

Synced:
 > django.contrib.auth
 > django.contrib.admin
 > django.contrib.contenttypes
 > django.contrib.messages
 > django.contrib.sessions
 > django.contrib.sites
 > django.contrib.staticfiles
 > crispy_forms
 > raven.contrib.django.raven_compat
 > sentry.plugins.sentry_interface_types
 > sentry.plugins.sentry_mail
 > sentry.plugins.sentry_servers
 > sentry.plugins.sentry_urls
 > sentry.plugins.sentry_useragents
 > south

Migrated:
 - djcelery
 - kombu.transport.django
 - sentry
 - social_auth
Running service: 'http'
2013-06-25 06:18:12 [20252] [INFO] Shutting down: Master
Performing upgrade before service startup...
Syncing...
Creating tables ...
Installing custom SQL ...
Installing indexes ...
Installed 0 object(s) from 0 fixture(s)
Migrating...
Running migrations for djcelery:
- Nothing to migrate.
 - Loading initial data for djcelery.
Installed 0 object(s) from 0 fixture(s)
Running migrations for django:
- Nothing to migrate.
 - Loading initial data for django.
Installed 0 object(s) from 0 fixture(s)
Running migrations for sentry:
- Nothing to migrate.
 - Loading initial data for sentry.
Installed 0 object(s) from 0 fixture(s)
Running migrations for social_auth:
- Nothing to migrate.
 - Loading initial data for social_auth.
Installed 0 object(s) from 0 fixture(s)

Synced:
 > django.contrib.auth
 > django.contrib.admin
 > django.contrib.contenttypes
 > django.contrib.messages
 > django.contrib.sessions
 > django.contrib.sites
 > django.contrib.staticfiles
 > crispy_forms
 > raven.contrib.django.raven_compat
 > sentry.plugins.sentry_interface_types
 > sentry.plugins.sentry_mail
 > sentry.plugins.sentry_servers
 > sentry.plugins.sentry_urls
 > sentry.plugins.sentry_useragents
 > south

Migrated:
 - djcelery
 - kombu.transport.django
 - sentry
 - social_auth
Running service: 'http'
2013-06-25 06:18:50 [20265] [INFO] Starting gunicorn 0.17.4
2013-06-25 06:18:50 [20265] [INFO] Listening at: http://0.0.0.0:9000 (20265)
2013-06-25 06:18:50 [20265] [INFO] Using worker: sync
2013-06-25 06:18:50 [20274] [INFO] Booting worker with pid: 20274
2013-06-25 06:18:50 [20275] [INFO] Booting worker with pid: 20275
2013-06-25 06:18:50 [20276] [INFO] Booting worker with pid: 20276
2013-06-27 07:26:01 [20265] [INFO] Handling signal: term
Performing upgrade before service startup...
Syncing...
Creating tables ...
Installing custom SQL ...
Installing indexes ...
Installed 0 object(s) from 0 fixture(s)
Migrating...
Running migrations for djcelery:
- Nothing to migrate.
 - Loading initial data for djcelery.
Installed 0 object(s) from 0 fixture(s)
Running migrations for django:
- Nothing to migrate.
 - Loading initial data for django.
Installed 0 object(s) from 0 fixture(s)
Running migrations for sentry:
- Nothing to migrate.
 - Loading initial data for sentry.
Installed 0 object(s) from 0 fixture(s)
Running migrations for social_auth:
- Nothing to migrate.
 - Loading initial data for social_auth.
Installed 0 object(s) from 0 fixture(s)

Synced:
 > django.contrib.auth
 > django.contrib.admin
 > django.contrib.contenttypes
 > django.contrib.messages
 > django.contrib.sessions
 > django.contrib.sites
 > django.contrib.staticfiles
 > crispy_forms
 > raven.contrib.django.raven_compat
 > sentry.plugins.sentry_interface_types
 > sentry.plugins.sentry_mail
 > sentry.plugins.sentry_servers
 > sentry.plugins.sentry_urls
 > sentry.plugins.sentry_useragents
 > south

Migrated:
 - djcelery
 - kombu.transport.django
 - sentry
 - social_auth
Running service: 'http'
Performing upgrade before service startup...
Syncing...
Creating tables ...
Installing custom SQL ...
Installing indexes ...
Installed 0 object(s) from 0 fixture(s)
Migrating...
Running migrations for djcelery:
- Nothing to migrate.
 - Loading initial data for djcelery.
Installed 0 object(s) from 0 fixture(s)
Running migrations for django:
- Nothing to migrate.
 - Loading initial data for django.
Installed 0 object(s) from 0 fixture(s)
Running migrations for sentry:
- Nothing to migrate.
 - Loading initial data for sentry.
Installed 0 object(s) from 0 fixture(s)
Running migrations for social_auth:
- Nothing to migrate.
 - Loading initial data for social_auth.
Installed 0 object(s) from 0 fixture(s)

Synced:
 > django.contrib.auth
 > django.contrib.admin
 > django.contrib.contenttypes
 > django.contrib.messages
 > django.contrib.sessions
 > django.contrib.sites
 > django.contrib.staticfiles
 > crispy_forms
 > raven.contrib.django.raven_compat
 > sentry.plugins.sentry_interface_types
 > sentry.plugins.sentry_mail
 > sentry.plugins.sentry_servers
 > sentry.plugins.sentry_urls
 > sentry.plugins.sentry_useragents
 > south

Migrated:
 - djcelery
 - kombu.transport.django
 - sentry
 - social_auth
Running service: 'http'
Performing upgrade before service startup...
Syncing...
Creating tables ...
Installing custom SQL ...
Installing indexes ...
Installed 0 object(s) from 0 fixture(s)
Migrating...
Running migrations for djcelery:
- Nothing to migrate.
 - Loading initial data for djcelery.
Installed 0 object(s) from 0 fixture(s)
Running migrations for django:
- Nothing to migrate.
 - Loading initial data for django.
Installed 0 object(s) from 0 fixture(s)
Running migrations for sentry:
- Nothing to migrate.
 - Loading initial data for sentry.
Installed 0 object(s) from 0 fixture(s)
Running migrations for social_auth:
- Nothing to migrate.
 - Loading initial data for social_auth.
Installed 0 object(s) from 0 fixture(s)

Synced:
 > django.contrib.auth
 > django.contrib.admin
 > django.contrib.contenttypes
 > django.contrib.messages
 > django.contrib.sessions
 > django.contrib.sites
 > django.contrib.staticfiles
 > crispy_forms
 > raven.contrib.django.raven_compat
 > sentry.plugins.sentry_interface_types
 > sentry.plugins.sentry_mail
 > sentry.plugins.sentry_servers
 > sentry.plugins.sentry_urls
 > sentry.plugins.sentry_useragents
 > south

Migrated:
 - djcelery
 - kombu.transport.django
 - sentry
 - social_auth
Running service: 'http'
2013-06-27 07:26:01 [20265] [INFO] Shutting down: Master
Performing upgrade before service startup...
Syncing...
Creating tables ...
Installing custom SQL ...
Installing indexes ...
Installed 0 object(s) from 0 fixture(s)
Migrating...
Running migrations for djcelery:
- Nothing to migrate.
 - Loading initial data for djcelery.
Installed 0 object(s) from 0 fixture(s)
Running migrations for django:
- Nothing to migrate.
 - Loading initial data for django.
Installed 0 object(s) from 0 fixture(s)
Running migrations for sentry:
- Nothing to migrate.
 - Loading initial data for sentry.
Installed 0 object(s) from 0 fixture(s)
Running migrations for social_auth:
- Nothing to migrate.
 - Loading initial data for social_auth.
Installed 0 object(s) from 0 fixture(s)

Synced:
 > django.contrib.auth
 > django.contrib.admin
 > django.contrib.contenttypes
 > django.contrib.messages
 > django.contrib.sessions
 > django.contrib.sites
 > django.contrib.staticfiles
 > crispy_forms
 > raven.contrib.django.raven_compat
 > sentry.plugins.sentry_interface_types
 > sentry.plugins.sentry_mail
 > sentry.plugins.sentry_servers
 > sentry.plugins.sentry_urls
 > sentry.plugins.sentry_useragents
 > south

Migrated:
 - djcelery
 - kombu.transport.django
 - sentry
 - social_auth
Running service: 'http'
